0 verbose cli C:\Program Files\nodejs\node.exe C:\Users\gusta\AppData\Roaming\npm\node_modules\npm\bin\npm-cli.js
1 info using npm@11.12.1
2 info using node@v22.13.0
3 silly config load:file:C:\Users\gusta\AppData\Roaming\npm\node_modules\npm\npmrc
4 silly config load:file:C:\Users\gusta\.npmrc
5 silly config load:file:C:\Users\gusta\AppData\Roaming\npm\etc\npmrc
6 verbose title npm exec create-vite@latest . --template react --help
7 verbose argv "exec" "--yes" "--" "create-vite@latest" "." "--template" "react" "--help"
8 verbose logfile logs-max:10 dir:C:\Users\gusta\Documents\prospeccao-vendas\admin\UsersgustaAppDataLocalnpm-cache\_logs\2026-04-15T15_36_34_445Z-
9 verbose logfile C:\Users\gusta\Documents\prospeccao-vendas\admin\UsersgustaAppDataLocalnpm-cache\_logs\2026-04-15T15_36_34_445Z-debug-0.log
10 silly logfile done cleaning log files
11 silly packumentCache heap:2197815296 maxSize:549453824 maxEntrySize:274726912
12 http fetch GET 200 https://registry.npmjs.org/npm 751ms
13 http fetch GET 200 https://registry.npmjs.org/create-vite 530ms (cache miss)
14 silly packumentCache heap:2197815296 maxSize:549453824 maxEntrySize:274726912
15 silly packumentCache heap:2197815296 maxSize:549453824 maxEntrySize:274726912
16 silly idealTree buildDeps
17 silly fetch manifest create-vite@9.0.4
18 silly packumentCache full:https://registry.npmjs.org/create-vite cache-miss
19 http fetch GET 200 https://registry.npmjs.org/create-vite 70ms (cache miss)
20 silly packumentCache full:https://registry.npmjs.org/create-vite set size:undefined disposed:false
21 silly placeDep ROOT create-vite@9.0.4 OK for:  want: 9.0.4
22 silly reify moves {}
23 silly audit bulk request { 'create-vite': [ '9.0.4' ] }
24 http cache create-vite@https://registry.npmjs.org/create-vite/-/create-vite-9.0.4.tgz 0ms (cache hit)
25 silly tarball no local data for create-vite@https://registry.npmjs.org/create-vite/-/create-vite-9.0.4.tgz. Extracting by manifest.
26 http fetch POST 200 https://registry.npmjs.org/-/npm/v1/security/advisories/bulk 225ms
27 silly audit report {}
28 http fetch GET 200 https://registry.npmjs.org/create-vite/-/create-vite-9.0.4.tgz 1372ms (cache miss)
29 verbose cwd C:\Users\gusta\Documents\prospeccao-vendas\admin
30 verbose os Windows_NT 10.0.22621
31 verbose node v22.13.0
32 verbose npm  v11.12.1
33 verbose exit 0
34 info ok
