0 verbose cli C:\Program Files\nodejs\node.exe C:\Users\gusta\AppData\Roaming\npm\node_modules\npm\bin\npm-cli.js
1 info using npm@11.12.1
2 info using node@v22.13.0
3 silly config load:file:C:\Users\gusta\AppData\Roaming\npm\node_modules\npm\npmrc
4 silly config load:file:C:\Users\gusta\.npmrc
5 silly config load:file:C:\Users\gusta\AppData\Roaming\npm\etc\npmrc
6 verbose title npm exec create-vite@latest ./ --template react-ts
7 verbose argv "exec" "--yes" "--" "create-vite@latest" "./" "--template" "react-ts"
8 verbose logfile logs-max:10 dir:C:\Users\gusta\Documents\prospeccao-vendas\admin\UsersgustaAppDataLocalnpm-cache\_logs\2026-04-15T15_37_04_819Z-
9 verbose logfile C:\Users\gusta\Documents\prospeccao-vendas\admin\UsersgustaAppDataLocalnpm-cache\_logs\2026-04-15T15_37_04_819Z-debug-0.log
10 silly logfile done cleaning log files
11 silly packumentCache heap:2197815296 maxSize:549453824 maxEntrySize:274726912
12 http fetch GET 200 https://registry.npmjs.org/create-vite 278ms (cache revalidated)
13 silly packumentCache heap:2197815296 maxSize:549453824 maxEntrySize:274726912
14 silly packumentCache heap:2197815296 maxSize:549453824 maxEntrySize:274726912
15 verbose cwd C:\Users\gusta\Documents\prospeccao-vendas\admin
16 verbose os Windows_NT 10.0.22621
17 verbose node v22.13.0
18 verbose npm  v11.12.1
19 verbose exit 0
20 info ok
