0 verbose cli C:\Program Files\nodejs\node.exe C:\Users\gusta\AppData\Roaming\npm\node_modules\npm\bin\npm-cli.js
1 info using npm@11.12.1
2 info using node@v22.13.0
3 silly config load:file:C:\Users\gusta\AppData\Roaming\npm\node_modules\npm\npmrc
4 silly config load:file:C:\Users\gusta\.npmrc
5 silly config load:file:C:\Users\gusta\AppData\Roaming\npm\etc\npmrc
6 verbose title npm create vite@latest . react-ts
7 verbose argv "create" "vite@latest" "." "--template" "react-ts"
8 verbose logfile logs-max:10 dir:C:\Users\gusta\Documents\prospeccao-vendas\admin\UsersgustaAppDataLocalnpm-cache\_logs\2026-04-15T15_37_17_439Z-
9 verbose logfile C:\Users\gusta\Documents\prospeccao-vendas\admin\UsersgustaAppDataLocalnpm-cache\_logs\2026-04-15T15_37_17_439Z-debug-0.log
10 warn "react-ts" is being parsed as a normal command line argument.
11 warn Unknown cli config "--template". This will stop working in the next major version of npm.
12 silly logfile done cleaning log files
13 silly packumentCache heap:2197815296 maxSize:549453824 maxEntrySize:274726912
14 http fetch GET 200 https://registry.npmjs.org/create-vite 302ms (cache revalidated)
15 silly packumentCache heap:2197815296 maxSize:549453824 maxEntrySize:274726912
16 verbose cwd C:\Users\gusta\Documents\prospeccao-vendas\admin
17 verbose os Windows_NT 10.0.22621
18 verbose node v22.13.0
19 verbose npm  v11.12.1
20 verbose exit 0
21 info ok
